{
  "RSpec": {
    "coverage": {
      "/Users/cece/turing/2mod/independent_challenge/b2-mid-mod/config/environment.rb": {
        "lines": [
          null,
          1,
          null,
          null,
          1
        ]
      },
      "/Users/cece/turing/2mod/independent_challenge/b2-mid-mod/config/application.rb": {
        "lines": [
          1,
          null,
          1,
          null,
          1,
          1,
          1,
          1,
          1,
          1,
          1,
          1,
          null,
          null,
          null,
          null,
          1,
          null,
          1,
          1,
          null,
          1,
          null,
          null,
          null,
          null,
          null,
          null,
          1,
          null,
          null
        ]
      },
      "/Users/cece/turing/2mod/independent_challenge/b2-mid-mod/config/boot.rb": {
        "lines": [
          1,
          null,
          1
        ]
      },
      "/Users/cece/turing/2mod/independent_challenge/b2-mid-mod/config/environments/test.rb": {
        "lines": [
          1,
          null,
          null,
          null,
          null,
          null,
          null,
          1,
          null,
          null,
          null,
          null,
          1,
          null,
          null,
          1,
          1,
          null,
          null,
          null,
          null,
          1,
          1,
          null,
          null,
          1,
          null,
          null,
          1,
          1,
          null,
          null,
          null,
          null,
          1,
          null,
          null,
          1,
          null,
          null,
          null,
          null
        ]
      },
      "/Users/cece/turing/2mod/independent_challenge/b2-mid-mod/config/initializers/application_controller_renderer.rb": {
        "lines": [
          null,
          null,
          null,
          null,
          null,
          null,
          null,
          null
        ]
      },
      "/Users/cece/turing/2mod/independent_challenge/b2-mid-mod/config/initializers/assets.rb": {
        "lines": [
          null,
          null,
          null,
          1,
          null,
          null,
          null,
          null,
          1,
          null,
          null,
          null,
          null,
          null
        ]
      },
      "/Users/cece/turing/2mod/independent_challenge/b2-mid-mod/config/initializers/backtrace_silencers.rb": {
        "lines": [
          null,
          null,
          null,
          null,
          null,
          null,
          null
        ]
      },
      "/Users/cece/turing/2mod/independent_challenge/b2-mid-mod/config/initializers/cookies_serializer.rb": {
        "lines": [
          null,
          null,
          null,
          null,
          1
        ]
      },
      "/Users/cece/turing/2mod/independent_challenge/b2-mid-mod/config/initializers/filter_parameter_logging.rb": {
        "lines": [
          null,
          null,
          null,
          1
        ]
      },
      "/Users/cece/turing/2mod/independent_challenge/b2-mid-mod/config/initializers/inflections.rb": {
        "lines": [
          null,
          null,
          null,
          null,
          null,
          null,
          null,
          null,
          null,
          null,
          null,
          null,
          null,
          null,
          null,
          null
        ]
      },
      "/Users/cece/turing/2mod/independent_challenge/b2-mid-mod/config/initializers/mime_types.rb": {
        "lines": [
          null,
          null,
          null,
          null
        ]
      },
      "/Users/cece/turing/2mod/independent_challenge/b2-mid-mod/config/initializers/wrap_parameters.rb": {
        "lines": [
          null,
          null,
          null,
          null,
          null,
          null,
          1,
          2,
          null,
          null,
          null,
          null,
          null,
          null
        ]
      },
      "/Users/cece/turing/2mod/independent_challenge/b2-mid-mod/config/routes.rb": {
        "lines": [
          1,
          null,
          null,
          1,
          1,
          1,
          null,
          1,
          null
        ]
      },
      "/Users/cece/turing/2mod/independent_challenge/b2-mid-mod/app/helpers/application_helper.rb": {
        "lines": [
          1,
          null
        ]
      },
      "/Users/cece/turing/2mod/independent_challenge/b2-mid-mod/spec/features/mechanics/index_spec.rb": {
        "lines": [
          1,
          null,
          1,
          1,
          1,
          1,
          1,
          1,
          null,
          1,
          null,
          1,
          1,
          null,
          null,
          1,
          1,
          1,
          null,
          null,
          1,
          1,
          1,
          null,
          null,
          1,
          1,
          1,
          null,
          null,
          null,
          null
        ]
      },
      "/Users/cece/turing/2mod/independent_challenge/b2-mid-mod/spec/features/mechanics/show_spec.rb": {
        "lines": [
          1,
          null,
          1,
          1,
          1,
          4,
          4,
          4,
          4,
          null,
          4,
          4,
          4,
          null,
          4,
          4,
          null,
          null,
          1,
          1,
          null,
          1,
          1,
          null,
          1,
          1,
          1,
          null,
          null,
          null,
          1,
          1,
          null,
          1,
          1,
          1,
          1,
          null,
          null,
          1,
          null,
          1,
          1,
          1,
          1,
          null,
          null,
          null,
          1,
          1,
          null,
          1,
          1,
          1,
          1,
          null,
          null,
          1,
          null,
          null,
          1,
          1,
          null,
          1,
          1,
          1,
          1,
          null,
          null,
          1,
          1,
          1,
          1,
          null,
          null,
          1,
          null,
          null,
          null
        ]
      },
      "/Users/cece/turing/2mod/independent_challenge/b2-mid-mod/app/models/amusement_park.rb": {
        "lines": [
          1,
          1,
          null,
          1,
          1,
          null,
          null,
          1,
          1,
          null,
          null
        ]
      },
      "/Users/cece/turing/2mod/independent_challenge/b2-mid-mod/app/models/application_record.rb": {
        "lines": [
          1,
          1,
          null
        ]
      },
      "/Users/cece/turing/2mod/independent_challenge/b2-mid-mod/app/models/ride.rb": {
        "lines": [
          1,
          1,
          1,
          1,
          null
        ]
      },
      "/Users/cece/turing/2mod/independent_challenge/b2-mid-mod/app/controllers/amusement_parks_controller.rb": {
        "lines": [
          1,
          1,
          1,
          null,
          null
        ]
      },
      "/Users/cece/turing/2mod/independent_challenge/b2-mid-mod/app/controllers/application_controller.rb": {
        "lines": [
          1,
          1,
          null
        ]
      },
      "/Users/cece/turing/2mod/independent_challenge/b2-mid-mod/app/models/mechanic.rb": {
        "lines": [
          1,
          1,
          1,
          null,
          1,
          10,
          null,
          null
        ]
      },
      "/Users/cece/turing/2mod/independent_challenge/b2-mid-mod/app/controllers/mechanics_controller.rb": {
        "lines": [
          1,
          1,
          1,
          null,
          null,
          1,
          8,
          null,
          null
        ]
      },
      "/Users/cece/turing/2mod/independent_challenge/b2-mid-mod/app/models/mechanic_ride.rb": {
        "lines": [
          1,
          1,
          1,
          null
        ]
      },
      "/Users/cece/turing/2mod/independent_challenge/b2-mid-mod/app/controllers/mechanic_rides_controller.rb": {
        "lines": [
          1,
          1,
          4,
          4,
          1,
          1,
          null,
          3,
          3,
          1,
          1,
          null,
          2,
          2,
          null,
          null,
          null,
          null
        ]
      }
    },
    "timestamp": 1595007822
  }
}
